app/build/intermediates/manifest_merge_blame_file/debug/processDebugMainManifest/manifest-merger-blame-debug-report.txt
1<?xml version="1.0" encoding="utf-8"?>
2<manifest xmlns:android="http://schemas.android.com/apk/res/android"
3    package="com.mate.subsmate"
4    android:versionCode="1"
5    android:versionName="1.0" >
6
7    <uses-sdk
7-->INJECTED
8        android:minSdkVersion="26"
8-->INJECTED
9        android:targetSdkVersion="37" />
9-->INJECTED
10
11    <uses-permission android:name="android.permission.WAKE_LOCK" />
11-->[androidx.work:work-runtime:2.11.2] AndroidManifest.xml:23:5-68
11-->[androidx.work:work-runtime:2.11.2] AndroidManifest.xml:23:22-65
12    <uses-permission android:name="android.permission.ACCESS_NETWORK_STATE" />
12-->[androidx.work:work-runtime:2.11.2] AndroidManifest.xml:24:5-79
12-->[androidx.work:work-runtime:2.11.2] AndroidManifest.xml:24:22-76
13    <uses-permission android:name="android.permission.RECEIVE_BOOT_COMPLETED" />
13-->[androidx.work:work-runtime:2.11.2] AndroidManifest.xml:25:5-81
13-->[androidx.work:work-runtime:2.11.2] AndroidManifest.xml:25:22-78
14    <uses-permission android:name="android.permission.FOREGROUND_SERVICE" />
14-->[androidx.work:work-runtime:2.11.2] AndroidManifest.xml:26:5-77
14-->[androidx.work:work-runtime:2.11.2] AndroidManifest.xml:26:22-74
15
16    <permission
16-->[androidx.core:core:1.18.0] AndroidManifest.xml:22:5-24:47
17        android:name="com.mate.subsmate.DYNAMIC_RECEIVER_NOT_EXPORTED_PERMISSION"
17-->[androidx.core:core:1.18.0] AndroidManifest.xml:23:9-81
18        android:protectionLevel="signature" />
18-->[androidx.core:core:1.18.0] AndroidManifest.xml:24:9-44
19
20    <uses-permission android:name="com.mate.subsmate.DYNAMIC_RECEIVER_NOT_EXPORTED_PERMISSION" />
20-->[androidx.core:core:1.18.0] AndroidManifest.xml:26:5-97
20-->[androidx.core:core:1.18.0] AndroidManifest.xml:26:22-94
21
22    <application
22-->src/main/AndroidManifest.xml:4:5-20:19
23        android:allowBackup="true"
23-->src/main/AndroidManifest.xml:5:9-35
24        android:appComponentFactory="androidx.core.app.CoreComponentFactory"
24-->[androidx.core:core:1.18.0] AndroidManifest.xml:28:18-86
25        android:debuggable="true"
26        android:extractNativeLibs="false"
26-->INJECTED
27        android:icon="@mipmap/ic_launcher"
27-->src/main/AndroidManifest.xml:6:9-43
28        android:label="SubsMate"
28-->src/main/AndroidManifest.xml:7:9-33
29        android:roundIcon="@mipmap/ic_launcher_round"
29-->src/main/AndroidManifest.xml:8:9-54
30        android:supportsRtl="true"
30-->src/main/AndroidManifest.xml:9:9-35
31        android:testOnly="true"
32        android:theme="@style/Theme.Material3.DayNight" >
32-->src/main/AndroidManifest.xml:10:9-56
33        <activity
33-->src/main/AndroidManifest.xml:11:9-19:20
34            android:name="com.mate.subsmate.MainActivity"
34-->src/main/AndroidManifest.xml:12:13-41
35            android:exported="true"
35-->src/main/AndroidManifest.xml:13:13-36
36            android:theme="@style/Theme.Material3.DayNight" >
36-->src/main/AndroidManifest.xml:14:13-60
37            <intent-filter>
37-->src/main/AndroidManifest.xml:15:13-18:29
38                <action android:name="android.intent.action.MAIN" />
38-->src/main/AndroidManifest.xml:16:17-69
38-->src/main/AndroidManifest.xml:16:25-66
39
40                <category android:name="android.intent.category.LAUNCHER" />
40-->src/main/AndroidManifest.xml:17:17-77
40-->src/main/AndroidManifest.xml:17:27-74
41            </intent-filter>
42        </activity>
43        <activity
43-->[androidx.compose.ui:ui-tooling-android:1.11.1] AndroidManifest.xml:23:9-25:39
44            android:name="androidx.compose.ui.tooling.PreviewActivity"
44-->[androidx.compose.ui:ui-tooling-android:1.11.1] AndroidManifest.xml:24:13-71
45            android:exported="true" />
45-->[androidx.compose.ui:ui-tooling-android:1.11.1] AndroidManifest.xml:25:13-36
46
47        <provider
47-->[androidx.work:work-runtime:2.11.2] AndroidManifest.xml:29:9-37:20
48            android:name="androidx.startup.InitializationProvider"
48-->[androidx.work:work-runtime:2.11.2] AndroidManifest.xml:30:13-67
49            android:authorities="com.mate.subsmate.androidx-startup"
49-->[androidx.work:work-runtime:2.11.2] AndroidManifest.xml:31:13-68
50            android:exported="false" >
50-->[androidx.work:work-runtime:2.11.2] AndroidManifest.xml:32:13-37
51            <meta-data
51-->[androidx.work:work-runtime:2.11.2] AndroidManifest.xml:34:13-36:52
52                android:name="androidx.work.WorkManagerInitializer"
52-->[androidx.work:work-runtime:2.11.2] AndroidManifest.xml:35:17-68
53                android:value="androidx.startup" />
53-->[androidx.work:work-runtime:2.11.2] AndroidManifest.xml:36:17-49
54            <meta-data
54-->[androidx.emoji2:emoji2:1.4.0] AndroidManifest.xml:29:13-31:52
55                android:name="androidx.emoji2.text.EmojiCompatInitializer"
55-->[androidx.emoji2:emoji2:1.4.0] AndroidManifest.xml:30:17-75
56                android:value="androidx.startup" />
56-->[androidx.emoji2:emoji2:1.4.0] AndroidManifest.xml:31:17-49
57            <meta-data
57-->[androidx.lifecycle:lifecycle-process:2.10.0] AndroidManifest.xml:29:13-31:52
58                android:name="androidx.lifecycle.ProcessLifecycleInitializer"
58-->[androidx.lifecycle:lifecycle-process:2.10.0] AndroidManifest.xml:30:17-78
59                android:value="androidx.startup" />
59-->[androidx.lifecycle:lifecycle-process:2.10.0] AndroidManifest.xml:31:17-49
60            <meta-data
60-->[androidx.profileinstaller:profileinstaller:1.4.0] AndroidManifest.xml:29:13-31:52
61                android:name="androidx.profileinstaller.ProfileInstallerInitializer"
61-->[androidx.profileinstaller:profileinstaller:1.4.0] AndroidManifest.xml:30:17-85
62                android:value="androidx.startup" />
62-->[androidx.profileinstaller:profileinstaller:1.4.0] AndroidManifest.xml:31:17-49
63        </provider>
64
65        <service
65-->[androidx.work:work-runtime:2.11.2] AndroidManifest.xml:39:9-45:35
66            android:name="androidx.work.impl.background.systemjob.SystemJobService"
66-->[androidx.work:work-runtime:2.11.2] AndroidManifest.xml:40:13-84
67            android:directBootAware="false"
67-->[androidx.work:work-runtime:2.11.2] AndroidManifest.xml:41:13-44
68            android:enabled="@bool/enable_system_job_service_default"
68-->[androidx.work:work-runtime:2.11.2] AndroidManifest.xml:42:13-70
69            android:exported="true"
69-->[androidx.work:work-runtime:2.11.2] AndroidManifest.xml:43:13-36
70            android:permission="android.permission.BIND_JOB_SERVICE" />
70-->[androidx.work:work-runtime:2.11.2] AndroidManifest.xml:44:13-69
71        <service
71-->[androidx.work:work-runtime:2.11.2] AndroidManifest.xml:46:9-52:35
72            android:name="androidx.work.impl.foreground.SystemForegroundService"
72-->[androidx.work:work-runtime:2.11.2] AndroidManifest.xml:47:13-81
73            android:directBootAware="false"
73-->[androidx.work:work-runtime:2.11.2] AndroidManifest.xml:48:13-44
74            android:enabled="@bool/enable_system_foreground_service_default"
74-->[androidx.work:work-runtime:2.11.2] AndroidManifest.xml:49:13-77
75            android:exported="false" />
75-->[androidx.work:work-runtime:2.11.2] AndroidManifest.xml:50:13-37
76
77        <receiver
77-->[androidx.work:work-runtime:2.11.2] AndroidManifest.xml:54:9-59:35
78            android:name="androidx.work.impl.utils.ForceStopRunnable$BroadcastReceiver"
78-->[androidx.work:work-runtime:2.11.2] AndroidManifest.xml:55:13-88
79            android:directBootAware="false"
79-->[androidx.work:work-runtime:2.11.2] AndroidManifest.xml:56:13-44
80            android:enabled="true"
80-->[androidx.work:work-runtime:2.11.2] AndroidManifest.xml:57:13-35
81            android:exported="false" />
81-->[androidx.work:work-runtime:2.11.2] AndroidManifest.xml:58:13-37
82        <receiver
82-->[androidx.work:work-runtime:2.11.2] AndroidManifest.xml:60:9-69:20
83            android:name="androidx.work.impl.background.systemalarm.RescheduleReceiver"
83-->[androidx.work:work-runtime:2.11.2] AndroidManifest.xml:61:13-88
84            android:directBootAware="false"
84-->[androidx.work:work-runtime:2.11.2] AndroidManifest.xml:62:13-44
85            android:enabled="false"
85-->[androidx.work:work-runtime:2.11.2] AndroidManifest.xml:63:13-36
86            android:exported="false" >
86-->[androidx.work:work-runtime:2.11.2] AndroidManifest.xml:64:13-37
87            <intent-filter>
87-->[androidx.work:work-runtime:2.11.2] AndroidManifest.xml:66:13-68:29
88                <action android:name="android.intent.action.BOOT_COMPLETED" />
88-->[androidx.work:work-runtime:2.11.2] AndroidManifest.xml:67:17-79
88-->[androidx.work:work-runtime:2.11.2] AndroidManifest.xml:67:25-76
89            </intent-filter>
90        </receiver>
91        <receiver
91-->[androidx.work:work-runtime:2.11.2] AndroidManifest.xml:70:9-80:20
92            android:name="androidx.work.impl.diagnostics.DiagnosticsReceiver"
92-->[androidx.work:work-runtime:2.11.2] AndroidManifest.xml:71:13-78
93            android:directBootAware="false"
93-->[androidx.work:work-runtime:2.11.2] AndroidManifest.xml:72:13-44
94            android:enabled="true"
94-->[androidx.work:work-runtime:2.11.2] AndroidManifest.xml:73:13-35
95            android:exported="true"
95-->[androidx.work:work-runtime:2.11.2] AndroidManifest.xml:74:13-36
96            android:permission="android.permission.DUMP" >
96-->[androidx.work:work-runtime:2.11.2] AndroidManifest.xml:75:13-57
97            <intent-filter>
97-->[androidx.work:work-runtime:2.11.2] AndroidManifest.xml:77:13-79:29
98                <action android:name="androidx.work.diagnostics.REQUEST_DIAGNOSTICS" />
98-->[androidx.work:work-runtime:2.11.2] AndroidManifest.xml:78:17-88
98-->[androidx.work:work-runtime:2.11.2] AndroidManifest.xml:78:25-85
99            </intent-filter>
100        </receiver>
101
102        <uses-library
102-->[androidx.window:window:1.5.0] AndroidManifest.xml:23:9-25:40
103            android:name="androidx.window.extensions"
103-->[androidx.window:window:1.5.0] AndroidManifest.xml:24:13-54
104            android:required="false" />
104-->[androidx.window:window:1.5.0] AndroidManifest.xml:25:13-37
105        <uses-library
105-->[androidx.window:window:1.5.0] AndroidManifest.xml:26:9-28:40
106            android:name="androidx.window.sidecar"
106-->[androidx.window:window:1.5.0] AndroidManifest.xml:27:13-51
107            android:required="false" />
107-->[androidx.window:window:1.5.0] AndroidManifest.xml:28:13-37
108
109        <activity
109-->[androidx.compose.ui:ui-test-manifest:1.11.1] AndroidManifest.xml:23:9-26:79
110            android:name="androidx.activity.ComponentActivity"
110-->[androidx.compose.ui:ui-test-manifest:1.11.1] AndroidManifest.xml:24:13-63
111            android:exported="true"
111-->[androidx.compose.ui:ui-test-manifest:1.11.1] AndroidManifest.xml:25:13-36
112            android:theme="@android:style/Theme.Material.Light.NoActionBar" />
112-->[androidx.compose.ui:ui-test-manifest:1.11.1] AndroidManifest.xml:26:13-76
113
114        <service
114-->[androidx.room:room-runtime-android:2.8.4] AndroidManifest.xml:24:9-28:63
115            android:name="androidx.room.MultiInstanceInvalidationService"
115-->[androidx.room:room-runtime-android:2.8.4] AndroidManifest.xml:25:13-74
116            android:directBootAware="true"
116-->[androidx.room:room-runtime-android:2.8.4] AndroidManifest.xml:26:13-43
117            android:exported="false" />
117-->[androidx.room:room-runtime-android:2.8.4] AndroidManifest.xml:27:13-37
118
119        <receiver
119-->[androidx.profileinstaller:profileinstaller:1.4.0] AndroidManifest.xml:34:9-52:20
120            android:name="androidx.profileinstaller.ProfileInstallReceiver"
120-->[androidx.profileinstaller:profileinstaller:1.4.0] AndroidManifest.xml:35:13-76
121            android:directBootAware="false"
121-->[androidx.profileinstaller:profileinstaller:1.4.0] AndroidManifest.xml:36:13-44
122            android:enabled="true"
122-->[androidx.profileinstaller:profileinstaller:1.4.0] AndroidManifest.xml:37:13-35
123            android:exported="true"
123-->[androidx.profileinstaller:profileinstaller:1.4.0] AndroidManifest.xml:38:13-36
124            android:permission="android.permission.DUMP" >
124-->[androidx.profileinstaller:profileinstaller:1.4.0] AndroidManifest.xml:39:13-57
125            <intent-filter>
125-->[androidx.profileinstaller:profileinstaller:1.4.0] AndroidManifest.xml:40:13-42:29
126                <action android:name="androidx.profileinstaller.action.INSTALL_PROFILE" />
126-->[androidx.profileinstaller:profileinstaller:1.4.0] AndroidManifest.xml:41:17-91
126-->[androidx.profileinstaller:profileinstaller:1.4.0] AndroidManifest.xml:41:25-88
127            </intent-filter>
128            <intent-filter>
128-->[androidx.profileinstaller:profileinstaller:1.4.0] AndroidManifest.xml:43:13-45:29
129                <action android:name="androidx.profileinstaller.action.SKIP_FILE" />
129-->[androidx.profileinstaller:profileinstaller:1.4.0] AndroidManifest.xml:44:17-85
129-->[androidx.profileinstaller:profileinstaller:1.4.0] AndroidManifest.xml:44:25-82
130            </intent-filter>
131            <intent-filter>
131-->[androidx.profileinstaller:profileinstaller:1.4.0] AndroidManifest.xml:46:13-48:29
132                <action android:name="androidx.profileinstaller.action.SAVE_PROFILE" />
132-->[androidx.profileinstaller:profileinstaller:1.4.0] AndroidManifest.xml:47:17-88
132-->[androidx.profileinstaller:profileinstaller:1.4.0] AndroidManifest.xml:47:25-85
133            </intent-filter>
134            <intent-filter>
134-->[androidx.profileinstaller:profileinstaller:1.4.0] AndroidManifest.xml:49:13-51:29
135                <action android:name="androidx.profileinstaller.action.BENCHMARK_OPERATION" />
135-->[androidx.profileinstaller:profileinstaller:1.4.0] AndroidManifest.xml:50:17-95
135-->[androidx.profileinstaller:profileinstaller:1.4.0] AndroidManifest.xml:50:25-92
136            </intent-filter>
137        </receiver>
138    </application>
139
140</manifest>